<?xml version="1.0" encoding="UTF-8"?>
<testsuite xmlns:xsi="http://www.w3.org/2001/XMLSchema-instance" xsi:noNamespaceSchemaLocation="https://maven.apache.org/surefire/maven-surefire-plugin/xsd/surefire-test-report.xsd" name="com.abtesting.academy.Junit4ExampleTwoTest" time="0.053" tests="7" errors="0" skipped="0" failures="2">
  <properties>
    <property name="java.specification.version" value="17"/>
    <property name="sun.jnu.encoding" value="UTF-8"/>
    <property name="java.class.path" value="/Users/anjiboddupally/MyProjects/Zephyr/sample-junit4-project/target/test-classes:/Users/anjiboddupally/MyProjects/Zephyr/sample-junit4-project/target/classes:/Users/anjiboddupally/.m2/repository/junit/junit/4.12/junit-4.12.jar:/Users/anjiboddupally/.m2/repository/org/hamcrest/hamcrest-core/1.3/hamcrest-core-1.3.jar:/Users/anjiboddupally/.m2/repository/com/smartbear/zephyrscale-junit-integration/2.0.0/zephyrscale-junit-integration-2.0.0.jar:/Users/anjiboddupally/.m2/repository/com/fasterxml/jackson/core/jackson-databind/2.13.3/jackson-databind-2.13.3.jar:/Users/anjiboddupally/.m2/repository/com/fasterxml/jackson/core/jackson-annotations/2.13.3/jackson-annotations-2.13.3.jar:/Users/anjiboddupally/.m2/repository/com/fasterxml/jackson/core/jackson-core/2.13.3/jackson-core-2.13.3.jar:/Users/anjiboddupally/.m2/repository/org/apache/commons/commons-lang3/3.0/commons-lang3-3.0.jar:/Users/anjiboddupally/.m2/repository/org/slf4j/slf4j-api/1.7.26/slf4j-api-1.7.26.jar:/Users/anjiboddupally/.m2/repository/org/slf4j/slf4j-log4j12/1.7.25/slf4j-log4j12-1.7.25.jar:/Users/anjiboddupally/.m2/repository/log4j/log4j/1.2.17/log4j-1.2.17.jar:/Users/anjiboddupally/.m2/repository/org/slf4j/slf4j-simple/1.7.25/slf4j-simple-1.7.25.jar:"/>
    <property name="java.vm.vendor" value="Azul Systems, Inc."/>
    <property name="sun.arch.data.model" value="64"/>
    <property name="java.vendor.url" value="http://www.azul.com/"/>
    <property name="os.name" value="Mac OS X"/>
    <property name="java.vm.specification.version" value="17"/>
    <property name="sun.java.launcher" value="SUN_STANDARD"/>
    <property name="user.country" value="GB"/>
    <property name="sun.boot.library.path" value="/Library/Java/JavaVirtualMachines/zulu-17.jdk/Contents/Home/lib"/>
    <property name="sun.java.command" value="/Users/anjiboddupally/MyProjects/Zephyr/sample-junit4-project/target/surefire/surefirebooter258144623058205785.jar /Users/anjiboddupally/MyProjects/Zephyr/sample-junit4-project/target/surefire 2024-01-01T21-36-20_810-jvmRun1 surefire9583629414128360886tmp surefire_016264867650631299751tmp"/>
    <property name="http.nonProxyHosts" value="local|*.local|169.254/16|*.169.254/16"/>
    <property name="jdk.debug" value="release"/>
    <property name="surefire.test.class.path" value="/Users/anjiboddupally/MyProjects/Zephyr/sample-junit4-project/target/test-classes:/Users/anjiboddupally/MyProjects/Zephyr/sample-junit4-project/target/classes:/Users/anjiboddupally/.m2/repository/junit/junit/4.12/junit-4.12.jar:/Users/anjiboddupally/.m2/repository/org/hamcrest/hamcrest-core/1.3/hamcrest-core-1.3.jar:/Users/anjiboddupally/.m2/repository/com/smartbear/zephyrscale-junit-integration/2.0.0/zephyrscale-junit-integration-2.0.0.jar:/Users/anjiboddupally/.m2/repository/com/fasterxml/jackson/core/jackson-databind/2.13.3/jackson-databind-2.13.3.jar:/Users/anjiboddupally/.m2/repository/com/fasterxml/jackson/core/jackson-annotations/2.13.3/jackson-annotations-2.13.3.jar:/Users/anjiboddupally/.m2/repository/com/fasterxml/jackson/core/jackson-core/2.13.3/jackson-core-2.13.3.jar:/Users/anjiboddupally/.m2/repository/org/apache/commons/commons-lang3/3.0/commons-lang3-3.0.jar:/Users/anjiboddupally/.m2/repository/org/slf4j/slf4j-api/1.7.26/slf4j-api-1.7.26.jar:/Users/anjiboddupally/.m2/repository/org/slf4j/slf4j-log4j12/1.7.25/slf4j-log4j12-1.7.25.jar:/Users/anjiboddupally/.m2/repository/log4j/log4j/1.2.17/log4j-1.2.17.jar:/Users/anjiboddupally/.m2/repository/org/slf4j/slf4j-simple/1.7.25/slf4j-simple-1.7.25.jar:"/>
    <property name="sun.cpu.endian" value="little"/>
    <property name="user.home" value="/Users/anjiboddupally"/>
    <property name="user.language" value="en"/>
    <property name="java.specification.vendor" value="Oracle Corporation"/>
    <property name="java.version.date" value="2023-07-18"/>
    <property name="java.home" value="/Library/Java/JavaVirtualMachines/zulu-17.jdk/Contents/Home"/>
    <property name="file.separator" value="/"/>
    <property name="basedir" value="/Users/anjiboddupally/MyProjects/Zephyr/sample-junit4-project"/>
    <property name="java.vm.compressedOopsMode" value="Zero based"/>
    <property name="line.separator" value="&#10;"/>
    <property name="java.specification.name" value="Java Platform API Specification"/>
    <property name="java.vm.specification.vendor" value="Oracle Corporation"/>
    <property name="surefire.real.class.path" value="/Users/anjiboddupally/MyProjects/Zephyr/sample-junit4-project/target/surefire/surefirebooter258144623058205785.jar"/>
    <property name="sun.management.compiler" value="HotSpot 64-Bit Tiered Compilers"/>
    <property name="ftp.nonProxyHosts" value="local|*.local|169.254/16|*.169.254/16"/>
    <property name="java.runtime.version" value="17.0.8+7-LTS"/>
    <property name="user.name" value="anjiboddupally"/>
    <property name="path.separator" value=":"/>
    <property name="os.version" value="12.7.1"/>
    <property name="java.runtime.name" value="OpenJDK Runtime Environment"/>
    <property name="file.encoding" value="UTF-8"/>
    <property name="java.vm.name" value="OpenJDK 64-Bit Server VM"/>
    <property name="java.vendor.version" value="Zulu17.44+15-CA"/>
    <property name="localRepository" value="/Users/anjiboddupally/.m2/repository"/>
    <property name="java.vendor.url.bug" value="http://www.azul.com/support/"/>
    <property name="java.io.tmpdir" value="/var/folders/bm/jddgm_0x4xl1x8hw_ckf748m0000gn/T/"/>
    <property name="java.version" value="17.0.8"/>
    <property name="user.dir" value="/Users/anjiboddupally/MyProjects/Zephyr/sample-junit4-project"/>
    <property name="os.arch" value="x86_64"/>
    <property name="java.vm.specification.name" value="Java Virtual Machine Specification"/>
    <property name="native.encoding" value="UTF-8"/>
    <property name="java.library.path" value="/Users/anjiboddupally/Library/Java/Extensions:/Library/Java/Extensions:/Network/Library/Java/Extensions:/System/Library/Java/Extensions:/usr/lib/java:."/>
    <property name="java.vm.info" value="mixed mode, sharing"/>
    <property name="java.vendor" value="Azul Systems, Inc."/>
    <property name="java.vm.version" value="17.0.8+7-LTS"/>
    <property name="sun.io.unicode.encoding" value="UnicodeBig"/>
    <property name="socksNonProxyHosts" value="local|*.local|169.254/16|*.169.254/16"/>
    <property name="java.class.version" value="61.0"/>
  </properties>
  <testcase name="evenNumberTest[0]" classname="com.abtesting.academy.Junit4ExampleTwoTest" time="0.001"/>
  <testcase name="evenNumberTest[1]" classname="com.abtesting.academy.Junit4ExampleTwoTest" time="0"/>
  <testcase name="evenNumberTest[2]" classname="com.abtesting.academy.Junit4ExampleTwoTest" time="0.005">
    <failure type="java.lang.AssertionError">java.lang.AssertionError
	at com.abtesting.academy.Junit4ExampleTwoTest.evenNumberTest(Junit4ExampleTwoTest.java:31)
</failure>
  </testcase>
  <testcase name="evenNumberTest[3]" classname="com.abtesting.academy.Junit4ExampleTwoTest" time="0"/>
  <testcase name="evenNumberTest[4]" classname="com.abtesting.academy.Junit4ExampleTwoTest" time="0"/>
  <testcase name="evenNumberTest[5]" classname="com.abtesting.academy.Junit4ExampleTwoTest" time="0">
    <failure type="java.lang.AssertionError">java.lang.AssertionError
	at com.abtesting.academy.Junit4ExampleTwoTest.evenNumberTest(Junit4ExampleTwoTest.java:31)
</failure>
  </testcase>
  <testcase name="evenNumberTest[6]" classname="com.abtesting.academy.Junit4ExampleTwoTest" time="0"/>
</testsuite>